[2025-12-05 11:43:20] Watcher started...
[2025-12-05 11:43:20] Monitoring services: ssh, cron
[2025-12-05 11:43:20] Check interval: 30 seconds
[2025-12-05 11:43:20] Checking services...
[2025-12-05 11:43:20] Service ssh is not active. Status: inactive
[2025-12-05 11:43:20] Restarting service ssh...
[2025-12-05 11:43:20] Successfully restarted ssh
[2025-12-05 11:43:53] Watcher started...
[2025-12-05 11:43:53] Monitoring services: ssh, cron
[2025-12-05 11:43:53] Check interval: 30 seconds
[2025-12-05 11:43:53] Checking services...
[2025-12-05 11:44:23] Checking services...
[2025-12-05 11:44:53] Checking services...
[2025-12-05 11:45:23] Checking services...
[2025-12-05 11:45:53] Checking services...
[2025-12-05 11:46:23] Checking services...
[2025-12-05 11:46:53] Checking services...
[2025-12-05 11:47:23] Checking services...
[2025-12-05 11:47:54] Checking services...
[2025-12-05 11:48:24] Checking services...
[2025-12-05 11:48:54] Checking services...
[2025-12-05 11:49:27] Checking services...
